<?xml version="1.0" encoding="UTF-8"?>
<!-- Generated by org.testng.reporters.JUnitReportReporter -->
<testsuite hostname="FA073407.local" failures="0" tests="1" name="com.ecommerce.tests.LoginPage" time="10.525" errors="0" timestamp="2025-07-13T01:36:49 IST" skipped="0">
  <testcase classname="com.ecommerce.tests.LoginPage" name="loginTest" time="10.525"/>
</testsuite> <!-- com.ecommerce.tests.LoginPage -->
