<?xml version="1.0" encoding="UTF-8"?>
<!-- Generated by org.testng.reporters.JUnitReportReporter -->
<testsuite hostname="FA073407.local" failures="0" tests="1" name="com.ecommerce.tests.ProductTests" time="2.836" errors="0" timestamp="2025-07-13T00:25:59 IST" skipped="0">
  <testcase classname="com.ecommerce.tests.ProductTests" name="getAllProducts" time="2.836"/>
</testsuite> <!-- com.ecommerce.tests.ProductTests -->
