<?xml version="1.0" encoding="UTF-8"?>
<!-- Generated by org.testng.reporters.JUnitReportReporter -->
<testsuite hostname="FA073407.local" failures="0" tests="1" name="com.ecommerce.tests.LoginPage" time="2.897" errors="0" timestamp="2025-07-13T00:14:30 IST" skipped="0">
  <testcase classname="com.ecommerce.tests.LoginPage" name="loginTest" time="2.897"/>
</testsuite> <!-- com.ecommerce.tests.LoginPage -->
