<?xml version="1.0" encoding="UTF-8"?>
<!-- Generated by org.testng.reporters.JUnitReportReporter -->
<testsuite hostname="FA073407.local" failures="0" tests="2" name="com.ecommerce.tests.CartTests" time="3.465" errors="0" timestamp="2025-07-13T00:19:33 IST" skipped="0">
  <testcase classname="com.ecommerce.tests.CartTests" name="addToCart" time="3.144"/>
  <testcase classname="com.ecommerce.tests.CartTests" name="getCartById" time="0.321"/>
</testsuite> <!-- com.ecommerce.tests.CartTests -->
